<?xml version="1.0" encoding="UTF-8"?>
<!-- Generated by org.testng.reporters.JUnitReportReporter -->
<testsuite skipped="0" hostname="vino" name="com.automation.TestNG.ExceptionClass" tests="1" failures="0" timestamp="2021-04-29T13:03:23 IST" time="0.015" errors="0">
  <testcase name="calc" time="0.015" classname="com.automation.TestNG.ExceptionClass"/>
  <system-out/>
</testsuite> <!-- com.automation.TestNG.ExceptionClass -->
