<?xml version="1.0" encoding="UTF-8"?>
<!-- Generated by org.testng.reporters.JUnitReportReporter -->
<testsuite skipped="0" hostname="vino" name="com.automation.TestNG.Annotations" tests="2" failures="0" timestamp="2021-10-21T16:34:25 IST" time="0.000" errors="0">
  <testcase name="f" time="0.000" classname="com.automation.TestNG.Annotations"/>
  <system-out/>
  <testcase name="f" time="0.000" classname="com.automation.TestNG.Annotations"/>
  <system-out/>
</testsuite> <!-- com.automation.TestNG.Annotations -->
