<?xml version="1.0" encoding="UTF-8"?>
<!-- Generated by org.testng.reporters.JUnitReportReporter -->
<testsuite skipped="0" hostname="vino" name="com.automation.TestNG.AnnotationClass" tests="2" failures="0" timestamp="2021-10-28T13:08:03 IST" time="0.000" errors="0">
  <testcase name="laptopSearch" time="0.000" classname="com.automation.TestNG.AnnotationClass"/>
  <system-out/>
  <testcase name="mobileSearch" time="0.000" classname="com.automation.TestNG.AnnotationClass"/>
  <system-out/>
</testsuite> <!-- com.automation.TestNG.AnnotationClass -->
