<?xml version="1.0" encoding="UTF-8"?>
<!-- Generated by org.testng.reporters.JUnitReportReporter -->
<testsuite skipped="0" hostname="vino" name="com.automation.TestNG.GroupOfGroupingClass" tests="4" failures="0" timestamp="2021-05-01T13:46:42 IST" time="0.018" errors="0">
  <testcase name="empName" time="0.001" classname="com.automation.TestNG.GroupOfGroupingClass"/>
  <system-out/>
  <testcase name="studentID" time="0.001" classname="com.automation.TestNG.GroupOfGroupingClass"/>
  <system-out/>
  <testcase name="empID" time="0.014" classname="com.automation.TestNG.GroupOfGroupingClass"/>
  <system-out/>
  <testcase name="studentName" time="0.002" classname="com.automation.TestNG.GroupOfGroupingClass"/>
  <system-out/>
</testsuite> <!-- com.automation.TestNG.GroupOfGroupingClass -->
