<?xml version="1.0" encoding="UTF-8"?>
<!-- Generated by org.testng.reporters.JUnitReportReporter -->
<testsuite skipped="0" hostname="vino" name="com.testng.features.SimpleAnnotations" tests="2" failures="0" timestamp="2021-08-30T16:58:22 IST" time="0.015" errors="0">
  <testcase name="searchLaptop" time="0.014" classname="com.testng.features.SimpleAnnotations"/>
  <system-out/>
  <testcase name="searchMobile" time="0.001" classname="com.testng.features.SimpleAnnotations"/>
  <system-out/>
</testsuite> <!-- com.testng.features.SimpleAnnotations -->
