<?xml version="1.0" encoding="UTF-8"?>
<!-- Generated by org.testng.reporters.JUnitReportReporter -->
<testsuite skipped="0" hostname="vino" name="com.automation.TestNG.InvocationClass" tests="8" failures="0" timestamp="2021-04-29T13:02:54 IST" time="0.032" errors="0">
  <testcase name="enterUrl" time="0.000" classname="com.automation.TestNG.InvocationClass"/>
  <system-out/>
  <testcase name="mobileSearch" time="0.000" classname="com.automation.TestNG.InvocationClass"/>
  <system-out/>
  <testcase name="mobileSearch" time="0.000" classname="com.automation.TestNG.InvocationClass"/>
  <system-out/>
  <testcase name="login" time="0.000" classname="com.automation.TestNG.InvocationClass"/>
  <system-out/>
  <testcase name="mobileSearch" time="0.016" classname="com.automation.TestNG.InvocationClass"/>
  <system-out/>
  <testcase name="mobileSearch" time="0.000" classname="com.automation.TestNG.InvocationClass"/>
  <system-out/>
  <testcase name="mobileSearch" time="0.000" classname="com.automation.TestNG.InvocationClass"/>
  <system-out/>
  <testcase name="browserLaunch" time="0.016" classname="com.automation.TestNG.InvocationClass"/>
  <system-out/>
</testsuite> <!-- com.automation.TestNG.InvocationClass -->
