<?xml version="1.0" encoding="UTF-8"?>
<!-- Generated by org.testng.reporters.JUnitReportReporter -->
<testsuite skipped="2" hostname="vino" name="com.automation.TestNG.IgnoreClass" tests="4" failures="0" timestamp="2021-10-28T13:16:56 IST" time="0.015" errors="0">
  <testcase name="launchFireFox" time="0.015" classname="com.automation.TestNG.IgnoreClass"/>
  <system-out/>
  <testcase name="launchSafari" time="0.000" classname="com.automation.TestNG.IgnoreClass"/>
  <system-out/>
  <testcase name="launchChrome" classname="com.automation.TestNG.IgnoreClass">
    <skipped/>
  </testcase> <!-- launchChrome -->
  <system-out/>
  <testcase name="launchIE" classname="com.automation.TestNG.IgnoreClass">
    <skipped/>
  </testcase> <!-- launchIE -->
  <system-out/>
</testsuite> <!-- com.automation.TestNG.IgnoreClass -->
