<?xml version="1.0" encoding="UTF-8"?>
<!-- Generated by org.testng.reporters.JUnitReportReporter -->
<testsuite skipped="0" hostname="vino" name="com.automation.TestNG.GroupClass" tests="2" failures="0" timestamp="2020-02-18T12:36:12 IST" time="0.015" errors="0">
  <testcase name="empName" time="0.001" classname="com.automation.TestNG.GroupClass"/>
  <testcase name="empID" time="0.014" classname="com.automation.TestNG.GroupClass"/>
</testsuite> <!-- com.automation.TestNG.GroupClass -->
