<?xml version="1.0" encoding="UTF-8"?>
<!-- Generated by org.testng.reporters.JUnitReportReporter -->
<testsuite skipped="0" hostname="vino" name="com.automation.TestNG.DataProviderClass" tests="3" failures="0" timestamp="2021-04-22T17:49:18 IST" time="0.046" errors="0">
  <testcase name="credential" time="0.046" classname="com.automation.TestNG.DataProviderClass"/>
  <system-out/>
  <testcase name="credential" time="0.000" classname="com.automation.TestNG.DataProviderClass"/>
  <system-out/>
  <testcase name="credential" time="0.000" classname="com.automation.TestNG.DataProviderClass"/>
  <system-out/>
</testsuite> <!-- com.automation.TestNG.DataProviderClass -->
