<?xml version="1.0" encoding="UTF-8"?>
<!-- Generated by org.testng.reporters.JUnitReportReporter -->
<testsuite skipped="0" hostname="vino" name="com.automation.TestNG.ParameterisedClass" tests="1" failures="0" timestamp="2020-07-23T12:51:20 IST" time="0.016" errors="0">
  <testcase name="login" time="0.016" classname="com.automation.TestNG.ParameterisedClass"/>
  <system-out/>
</testsuite> <!-- com.automation.TestNG.ParameterisedClass -->
