<?xml version="1.0" encoding="UTF-8"?>
<!-- Generated by org.testng.reporters.JUnitReportReporter -->
<testsuite skipped="0" hostname="vino" name="com.automation.TestNG.TimeOutClass" tests="3" failures="0" timestamp="2021-03-26T09:43:22 IST" time="2.024" errors="0">
  <testcase name="searchMoblie" time="2.016" classname="com.automation.TestNG.TimeOutClass"/>
  <system-out/>
  <testcase name="passUrl" time="0.000" classname="com.automation.TestNG.TimeOutClass"/>
  <system-out/>
  <testcase name="browserLaunch" time="0.008" classname="com.automation.TestNG.TimeOutClass"/>
  <system-out/>
</testsuite> <!-- com.automation.TestNG.TimeOutClass -->
