<?xml version="1.0" encoding="UTF-8"?>
<!-- Generated by org.testng.reporters.JUnitReportReporter -->
<testsuite skipped="0" hostname="vino" name="com.automation.TestNG.PriorityClass" tests="4" failures="0" timestamp="2020-07-23T12:44:29 IST" time="0.094" errors="0">
  <testcase name="logout" time="0.078" classname="com.automation.TestNG.PriorityClass"/>
  <system-out/>
  <testcase name="laptopSearch" time="0.000" classname="com.automation.TestNG.PriorityClass"/>
  <system-out/>
  <testcase name="login" time="0.000" classname="com.automation.TestNG.PriorityClass"/>
  <system-out/>
  <testcase name="mobileSearch" time="0.016" classname="com.automation.TestNG.PriorityClass"/>
  <system-out/>
</testsuite> <!-- com.automation.TestNG.PriorityClass -->
